\BOOKMARK [1][-]{section.1}{\376\377\171\321\133\146\136\070\213\306}{}% 1
\BOOKMARK [1][-]{section.2}{\376\377\123\000\123\330\220\037\166\364\176\277\217\320\122\250}{}% 2
\BOOKMARK [2][-]{subsection.2.1}{\376\377\217\320\122\250\133\146\121\154\137\017}{section.2}% 3
\BOOKMARK [2][-]{subsection.2.2}{\376\377\116\055\225\364\145\366\122\073\000/\136\163\127\107\220\037\136\246}{section.2}% 4
\BOOKMARK [2][-]{subsection.2.3}{\376\377\176\270\136\046\122\240\220\037\136\246\225\356\230\230}{section.2}% 5
\BOOKMARK [1][-]{section.3}{\376\377\147\072\150\260\143\057\122\250}{}% 6
\BOOKMARK [2][-]{subsection.3.1}{\376\377\173\200\214\020\143\057\122\250}{section.3}% 7
\BOOKMARK [2][-]{subsection.3.2}{\376\377\145\160\133\146\121\306\131\007}{section.3}% 8
\BOOKMARK [1][-]{section.4}{\376\377\121\111\133\146}{}% 9
\BOOKMARK [2][-]{subsection.4.1}{\376\377\142\230\134\004\163\207}{section.4}% 10
\BOOKMARK [2][-]{subsection.4.2}{\376\377\136\162\155\211\133\236\232\214}{section.4}% 11
\BOOKMARK [2][-]{subsection.4.3}{\376\377\140\073\176\323}{section.4}% 12
\BOOKMARK [1][-]{section.5}{\376\377\160\355\122\233\133\146}{}% 13
\BOOKMARK [2][-]{subsection.5.1}{\376\377\122\006\133\120\122\250\164\006\213\272}{section.5}% 14
\BOOKMARK [3][-]{subsubsection.5.1.1}{\376\377\162\151\117\123\146\057\165\061\131\047\221\317\122\006\133\120\147\204\142\020\166\204}{subsection.5.1}% 15
\BOOKMARK [3][-]{subsubsection.5.1.2}{\376\377\137\256\211\302\221\317\166\204\117\060\173\227}{subsection.5.1}% 16
\BOOKMARK [3][-]{subsubsection.5.1.3}{\376\377\142\151\145\143\163\260\214\141\124\214\136\003\147\027\217\320\122\250}{subsection.5.1}% 17
\BOOKMARK [3][-]{subsubsection.5.1.4}{\376\377\122\006\133\120\116\113\225\364\166\204\117\134\165\050\122\233}{subsection.5.1}% 18
\BOOKMARK [3][-]{subsubsection.5.1.5}{\376\377\122\006\133\120\116\113\225\364\166\204\200\375\221\317}{subsection.5.1}% 19
\BOOKMARK [3][-]{subsubsection.5.1.6}{\376\377\122\006\133\120\122\250\200\375}{subsection.5.1}% 20
\BOOKMARK [3][-]{subsubsection.5.1.7}{\376\377\156\051\136\246\124\214\156\051\150\007}{subsection.5.1}% 21
\BOOKMARK [3][-]{subsubsection.5.1.8}{\376\377\121\205\200\375}{subsection.5.1}% 22
\BOOKMARK [2][-]{subsection.5.2}{\376\377\162\151\140\001\123\312\162\151\140\001\166\204\123\330\123\026}{section.5}% 23
\BOOKMARK [3][-]{subsubsection.5.2.1}{\376\377\146\166\117\123\116\016\227\136\146\166\117\123}{subsection.5.2}% 24
\BOOKMARK [3][-]{subsubsection.5.2.2}{\376\377\155\262\117\123}{subsection.5.2}% 25
\BOOKMARK [3][-]{subsubsection.5.2.3}{\376\377\231\161\124\214\154\175\116\016\231\161\124\214\154\175\123\213}{subsection.5.2}% 26
\BOOKMARK [3][-]{subsubsection.5.2.4}{\376\377\166\370\133\371\156\177\136\246\116\016\176\335\133\371\156\177\136\246}{subsection.5.2}% 27
\BOOKMARK [2][-]{subsection.5.3}{\376\377\164\006\140\363\154\024\117\123}{section.5}% 28
\BOOKMARK [3][-]{subsubsection.5.3.1}{\376\377\154\024\117\123\123\213\137\072\166\204\137\256\211\302\211\343\221\312}{subsection.5.3}% 29
\BOOKMARK [3][-]{subsubsection.5.3.2}{\376\377\123\213\137\072\166\204\210\150\171\072\116\345\123\312\165\073\154\325}{subsection.5.3}% 30
\BOOKMARK [3][-]{subsubsection.5.3.3}{\376\377\154\024\117\123\116\011\131\047\133\236\232\214\133\232\137\213}{subsection.5.3}% 31
\BOOKMARK [3][-]{subsubsection.5.3.4}{\376\377\155\262\147\361\166\204\171\373\122\250}{subsection.5.3}% 32
\BOOKMARK [2][-]{subsection.5.4}{\376\377\160\355\122\233\133\146\116\011\131\047\133\232\137\213}{section.5}% 33
\BOOKMARK [3][-]{subsubsection.5.4.1}{\376\377\160\355\122\233\133\146\173\054\116\000\133\232\137\213\124\214\200\375\221\317\133\210\140\122}{subsection.5.4}% 34
\BOOKMARK [3][-]{subsubsection.5.4.2}{\376\377\160\355\122\233\133\146\173\054\116\214\133\232\137\213\124\214\154\070\122\250\147\072}{subsection.5.4}% 35
\BOOKMARK [3][-]{subsubsection.5.4.3}{\376\377\160\355\122\233\133\146\173\054\116\011\133\232\137\213}{subsection.5.4}% 36
\BOOKMARK [1][-]{section.6}{\376\377\123\237\133\120\162\151\164\006}{}% 37
\BOOKMARK [2][-]{subsection.6.1}{\376\377\236\321\117\123\217\220\134\004}{section.6}% 38
\BOOKMARK [3][-]{subsubsection.6.1.1}{\376\377\162\151\164\006\131\047\123\246\116\012\166\204\000"\116\044\147\065\116\114\116\221\000"}{subsection.6.1}% 39
\BOOKMARK [3][-]{subsubsection.6.1.2}{\376\377\116\072\116\300\116\110\211\201\170\024\172\166\217\220\134\004}{subsection.6.1}% 40
\BOOKMARK [3][-]{subsubsection.6.1.3}{\376\377\236\321\117\123\152\041\127\213}{subsection.6.1}% 41
\BOOKMARK [3][-]{subsubsection.6.1.4}{\376\377\200\375\221\317\133\120\000-\146\156\147\027\121\113}{subsection.6.1}% 42
\BOOKMARK [3][-]{subsubsection.6.1.5}{\376\377\121\111\166\204\116\000\116\233\143\317\217\360}{subsection.6.1}% 43
\BOOKMARK [2][-]{subsection.6.2}{\376\377\121\111\165\065\145\110\136\224}{section.6}% 44
\BOOKMARK [3][-]{subsubsection.6.2.1}{\376\377\164\006\140\363\152\041\127\213}{subsection.6.2}% 45
\BOOKMARK [3][-]{subsubsection.6.2.2}{\376\377\133\236\232\214\226\317\137\142}{subsection.6.2}% 46
\BOOKMARK [3][-]{subsubsection.6.2.3}{\376\377\165\065\133\146\133\236\232\214}{subsection.6.2}% 47
\BOOKMARK [2][-]{subsection.6.3}{\376\377\123\237\133\120\176\323\147\204}{section.6}% 48
\BOOKMARK [3][-]{subsubsection.6.3.1}{\376\377\162\151\164\006\133\146\123\362}{subsection.6.3}% 49
\BOOKMARK [3][-]{subsubsection.6.3.2}{\376\377\000*\145\143\134\004\133\236\232\214}{subsection.6.3}% 50
\BOOKMARK [3][-]{subsubsection.6.3.3}{\376\377\163\273\134\024\152\041\127\213}{subsection.6.3}% 51
\BOOKMARK [2][-]{subsection.6.4}{\376\377\131\051\161\066\145\076\134\004\140\047\163\260\214\141}{section.6}% 52
\BOOKMARK [2][-]{subsection.6.5}{\376\377\145\076\134\004\140\047\121\103\175\040\166\204\210\160\123\330}{section.6}% 53
\BOOKMARK [2][-]{subsection.6.6}{\376\377\215\050\200\375\145\271\172\013}{section.6}% 54
\BOOKMARK [2][-]{subsection.6.7}{\376\377\176\323\124\010\200\375\116\016\153\324\176\323\124\010\200\375}{section.6}% 55
