\BOOKMARK [1][-]{section.1}{\376\377\213\376\130\002\116\140\230\230}{}% 1
\BOOKMARK [2][-]{subsection.1.1}{\376\377\126\376\120\317\213\241\173\227}{section.1}% 2
\BOOKMARK [2][-]{subsection.1.2}{\376\377\122\250\122\233\133\146\225\356\230\230}{section.1}% 3
\BOOKMARK [2][-]{subsection.1.3}{\376\377\171\373\122\250\122\006\147\220}{section.1}% 4
\BOOKMARK [2][-]{subsection.1.4}{\376\377\121\105\154\024\225\356\230\230}{section.1}% 5
\BOOKMARK [2][-]{subsection.1.5}{\376\377\126\376\120\317\225\356\230\230}{section.1}% 6
\BOOKMARK [1][-]{section.2}{\376\377\117\134\116\032}{}% 7
\BOOKMARK [2][-]{subsection.2.1}{\376\377\116\011\217\336\220\032\126\150}{section.2}% 8
\BOOKMARK [2][-]{subsection.2.2}{\376\377\155\262\154\341}{section.2}% 9
\BOOKMARK [2][-]{subsection.2.3}{\376\377\143\044\123\213\225\356\230\230}{section.2}% 10
\BOOKMARK [2][-]{subsection.2.4}{\376\377\171\373\122\250\176\374\124\010}{section.2}% 11
\BOOKMARK [2][-]{subsection.2.5}{\376\377\126\376\120\317\122\006\147\220}{section.2}% 12
\BOOKMARK [2][-]{subsection.2.6}{\376\377\126\376\120\317\122\006\147\220}{section.2}% 13
\BOOKMARK [2][-]{subsection.2.7}{\376\377\145\076\154\024\225\356\230\230}{section.2}% 14
\BOOKMARK [2][-]{subsection.2.8}{\376\377\160\355\116\011}{section.2}% 15
\BOOKMARK [1][-]{section.3}{\376\377\173\124\150\110\123\312\211\343\147\220}{}% 16
\BOOKMARK [2][-]{subsection.3.1}{\376\377\213\376\130\002\116\140\230\230}{section.3}% 17
\BOOKMARK [3][-]{subsubsection.3.1.1}{}{subsection.3.1}% 18
\BOOKMARK [3][-]{subsubsection.3.1.2}{}{subsection.3.1}% 19
\BOOKMARK [3][-]{subsubsection.3.1.3}{}{subsection.3.1}% 20
\BOOKMARK [3][-]{subsubsection.3.1.4}{}{subsection.3.1}% 21
\BOOKMARK [3][-]{subsubsection.3.1.5}{}{subsection.3.1}% 22
\BOOKMARK [2][-]{subsection.3.2}{\376\377\213\376\124\016\117\134\116\032}{section.3}% 23
\BOOKMARK [3][-]{subsubsection.3.2.1}{}{subsection.3.2}% 24
\BOOKMARK [3][-]{subsubsection.3.2.2}{}{subsection.3.2}% 25
\BOOKMARK [3][-]{subsubsection.3.2.3}{}{subsection.3.2}% 26
\BOOKMARK [3][-]{subsubsection.3.2.4}{}{subsection.3.2}% 27
\BOOKMARK [3][-]{subsubsection.3.2.5}{}{subsection.3.2}% 28
\BOOKMARK [3][-]{subsubsection.3.2.6}{}{subsection.3.2}% 29
\BOOKMARK [3][-]{subsubsection.3.2.7}{}{subsection.3.2}% 30
\BOOKMARK [3][-]{subsubsection.3.2.8}{}{subsection.3.2}% 31
