\BOOKMARK [1][-]{section.1}{\376\377\160\355\133\146}{}% 1
\BOOKMARK [2][-]{subsection.1.1}{\376\377\122\006\133\120\122\250\164\006\213\272}{section.1}% 2
\BOOKMARK [3][-]{subsubsection.1.1.1}{\376\377\162\151\117\123\146\057\165\061\131\047\221\317\122\006\133\120\147\204\142\020\166\204}{subsection.1.1}% 3
\BOOKMARK [3][-]{subsubsection.1.1.2}{\376\377\137\256\211\302\221\317\166\204\117\060\173\227}{subsection.1.1}% 4
\BOOKMARK [3][-]{subsubsection.1.1.3}{\376\377\142\151\145\143\163\260\214\141\124\214\136\003\147\027\217\320\122\250}{subsection.1.1}% 5
\BOOKMARK [3][-]{subsubsection.1.1.4}{\376\377\122\006\133\120\116\113\225\364\166\204\117\134\165\050\122\233}{subsection.1.1}% 6
\BOOKMARK [3][-]{subsubsection.1.1.5}{\376\377\122\006\133\120\116\113\225\364\166\204\200\375\221\317}{subsection.1.1}% 7
\BOOKMARK [3][-]{subsubsection.1.1.6}{\376\377\122\006\133\120\122\250\200\375}{subsection.1.1}% 8
\BOOKMARK [3][-]{subsubsection.1.1.7}{\376\377\156\051\136\246\124\214\156\051\150\007}{subsection.1.1}% 9
\BOOKMARK [3][-]{subsubsection.1.1.8}{\376\377\121\205\200\375}{subsection.1.1}% 10
\BOOKMARK [2][-]{subsection.1.2}{\376\377\162\151\140\001\123\312\162\151\140\001\166\204\123\330\123\026}{section.1}% 11
\BOOKMARK [3][-]{subsubsection.1.2.1}{\376\377\146\166\117\123\116\016\227\136\146\166\117\123}{subsection.1.2}% 12
\BOOKMARK [3][-]{subsubsection.1.2.2}{\376\377\155\262\117\123}{subsection.1.2}% 13
\BOOKMARK [3][-]{subsubsection.1.2.3}{\376\377\231\161\124\214\154\175\116\016\231\161\124\214\154\175\123\213}{subsection.1.2}% 14
\BOOKMARK [3][-]{subsubsection.1.2.4}{\376\377\166\370\133\371\156\177\136\246\116\016\176\335\133\371\156\177\136\246}{subsection.1.2}% 15
\BOOKMARK [2][-]{subsection.1.3}{\376\377\164\006\140\363\154\024\117\123}{section.1}% 16
\BOOKMARK [3][-]{subsubsection.1.3.1}{\376\377\154\024\117\123\123\213\137\072\166\204\137\256\211\302\211\343\221\312}{subsection.1.3}% 17
\BOOKMARK [3][-]{subsubsection.1.3.2}{\376\377\123\213\137\072\166\204\210\150\171\072\116\345\123\312\165\073\154\325}{subsection.1.3}% 18
\BOOKMARK [3][-]{subsubsection.1.3.3}{\376\377\154\024\117\123\116\011\131\047\133\236\232\214\133\232\137\213}{subsection.1.3}% 19
\BOOKMARK [3][-]{subsubsection.1.3.4}{\376\377\155\262\147\361\166\204\171\373\122\250}{subsection.1.3}% 20
\BOOKMARK [2][-]{subsection.1.4}{\376\377\160\355\122\233\133\146\116\011\131\047\133\232\137\213}{section.1}% 21
\BOOKMARK [3][-]{subsubsection.1.4.1}{\376\377\160\355\122\233\133\146\173\054\116\000\133\232\137\213\124\214\200\375\221\317\133\210\140\122}{subsection.1.4}% 22
\BOOKMARK [3][-]{subsubsection.1.4.2}{\376\377\160\355\122\233\133\146\173\054\116\214\133\232\137\213\124\214\154\070\122\250\147\072}{subsection.1.4}% 23
\BOOKMARK [3][-]{subsubsection.1.4.3}{\376\377\160\355\122\233\133\146\173\054\116\011\133\232\137\213}{subsection.1.4}% 24
