\BOOKMARK [1][-]{section.1}{\376\377\232\330\116\000}{}% 1
\BOOKMARK [2][-]{subsection.1.1}{\376\377\0002\0000\0002\0002\000-\0002\0000\0002\0003\136\164\136\246\000\050\116\013\000\051\221\315\136\206\121\153\116\055\232\330\116\000\147\037\147\053}{section.1}% 2
\BOOKMARK [3][-]{subsubsection.1.1.1}{\376\377\000I\000-\0007\000:\203\167\215\050\153\324\225\356\230\230}{subsection.1.1}% 3
\BOOKMARK [3][-]{subsubsection.1.1.2}{\376\377\000I\000I\000-\0009\000:\116\015\124\014\174\173\127\213\166\204\170\260\144\236}{subsection.1.1}% 4
\BOOKMARK [3][-]{subsubsection.1.1.3}{\376\377\000I\000I\000-\0001\0000\000:\123\000\137\072\165\065\127\072\116\013\166\204\145\234\134\004}{subsection.1.1}% 5
\BOOKMARK [3][-]{subsubsection.1.1.4}{\376\377\000I\000I\000I\000-\0001\000:\133\236\232\214\116\055\166\204\000Q\000/\000U\000-\000t\126\376\120\317}{subsection.1.1}% 6
\BOOKMARK [2][-]{subsection.1.2}{\376\377\0002\0000\0002\0002\000-\0002\0000\0002\0003\200\262\142\115\116\055\133\146\147\037\147\053\152\041\142\337\230\230\000\050\121\153\000\051}{section.1}% 7
\BOOKMARK [3][-]{subsubsection.1.2.1}{\376\377\000I\000-\0004\000:\121\163\200\124\117\123\145\313\217\154\217\320\122\250\122\006\147\220}{subsection.1.2}% 8
\BOOKMARK [3][-]{subsubsection.1.2.2}{\376\377\000I\000-\0007\000:\000P\000-\000t\126\376\225\356\230\230}{subsection.1.2}% 9
\BOOKMARK [3][-]{subsubsection.1.2.3}{\376\377\000I\000I\000-\0008\000:\154\064\136\163\121\205\166\204\170\260\144\236\000+\163\257\137\142\217\375\123\312\225\356\230\230}{subsection.1.2}% 10
\BOOKMARK [3][-]{subsubsection.1.2.4}{\376\377\000I\000I\000-\0009\000:\131\026\217\150\220\123\127\006\124\150\217\320\122\250\225\356\230\230}{subsection.1.2}% 11
\BOOKMARK [3][-]{subsubsection.1.2.5}{\376\377\000I\000I\000I\000-\0001\0002\000:\122\250\221\317\133\210\140\122\133\236\232\214\000-\127\006\137\047\176\246\147\137}{subsection.1.2}% 12
\BOOKMARK [3][-]{subsubsection.1.2.6}{\376\377\000I\000V\000-\0002\000:\136\163\142\233\000-\127\006\137\047\176\246\147\137\166\204\147\000\120\074\225\356\230\230}{subsection.1.2}% 13
\BOOKMARK [2][-]{subsection.1.3}{\376\377\0002\0000\0002\0002\000-\0002\0000\0002\0003\135\364\207\000\116\055\133\146\116\013\133\146\147\037\147\037\147\053}{section.1}% 14
\BOOKMARK [3][-]{subsubsection.1.3.1}{\376\377\000I\000-\0001\0003\000:\165\065\215\357\116\055\166\204\123\330\123\026\221\317\122\006\147\220}{subsection.1.3}% 15
\BOOKMARK [3][-]{subsubsection.1.3.2}{\376\377\000I\000I\000-\0002\000:\165\065\215\357\166\204\155\113\221\317\213\357\135\356}{subsection.1.3}% 16
\BOOKMARK [2][-]{subsection.1.4}{\376\377\0002\0000\0002\0002\000-\0002\0000\0002\0003\123\127\137\000\116\055\133\146\232\330\116\000\116\013\147\037\147\053}{section.1}% 17
\BOOKMARK [3][-]{subsubsection.1.4.1}{\376\377\000I\000-\0006\000:\121\111\166\204\121\340\117\125\210\150\171\072\225\356\230\230}{subsection.1.4}% 18
\BOOKMARK [3][-]{subsubsection.1.4.2}{\376\377\000I\000-\0008\000:\123\125\144\106\000+\123\327\217\353\143\057\122\250}{subsection.1.4}% 19
\BOOKMARK [3][-]{subsubsection.1.4.3}{\376\377\000I\000-\0001\0000\000:\142\230\134\004\163\207\225\356\230\230}{subsection.1.4}% 20
\BOOKMARK [2][-]{subsection.1.5}{\376\377\0002\0000\0002\0002\000-\0002\0000\0002\0003\200\262\142\115\116\055\133\146\147\037\147\053\152\041\142\337\230\230\000\050\121\155\000\051}{section.1}% 21
\BOOKMARK [3][-]{subsubsection.1.5.1}{\376\377\000I\000I\000-\0003\000:\154\064\136\163\122\035\122\250\221\317\116\015\116\072\0000\166\204\147\106\166\370\116\222\117\134\165\050\152\041\127\213}{subsection.1.5}% 22
\BOOKMARK [2][-]{subsection.1.6}{\376\377\0002\0000\0002\0002\000-\0002\0000\0002\0003\200\262\142\115\116\055\133\146\147\037\147\053\152\041\142\337\230\230\000\050\116\011\000\051}{section.1}% 23
\BOOKMARK [3][-]{subsubsection.1.6.1}{\376\377\000I\000-\0006\000:\214\003\124\214\133\232\137\213\000-\145\260\230\226\230\230\166\356}{subsection.1.6}% 24
\BOOKMARK [3][-]{subsubsection.1.6.2}{\376\377\000I\000I\000-\0003\000:\217\336\176\355\137\071\170\260\000\050\162\133\230\177\144\106\000\051}{subsection.1.6}% 25
\BOOKMARK [2][-]{subsection.1.7}{\376\377\0002\0000\0002\0002\000-\0002\0000\0002\0003\116\000\116\055\232\330\116\000\116\013\147\037\147\053}{section.1}% 26
\BOOKMARK [3][-]{subsubsection.1.7.1}{\376\377\000I\000I\000I\000-\0001\000:\142\230\134\004\163\207\133\236\232\214}{subsection.1.7}% 27
\BOOKMARK [2][-]{subsection.1.8}{\376\377\0002\0000\0002\0004\200\262\142\115\232\330\116\000\116\013\147\037\147\053}{section.1}% 28
\BOOKMARK [3][-]{subsubsection.1.8.1}{\376\377\000I\000-\0001\000:\000\040\230\336\147\072\122\237\163\207\213\241\173\227\225\356\230\230}{subsection.1.8}% 29
\BOOKMARK [3][-]{subsubsection.1.8.2}{\376\377\000I\000I\000I\000-\0001\000:\000\040\176\270\136\046\224\251\170\001\170\024\172\166\122\250\200\375\133\232\164\006}{subsection.1.8}% 30
\BOOKMARK [1][-]{section.2}{\376\377\232\330\116\214}{}% 31
\BOOKMARK [2][-]{subsection.2.1}{\376\377\147\072\150\260\143\057\122\250\116\023\230\230}{section.2}% 32
\BOOKMARK [3][-]{subsubsection.2.1.1}{\376\377\000I\000-\0001\000:\215\167\143\057\145\271\124\021\147\052\167\345\166\204\131\032\211\343\225\356\230\230}{subsection.2.1}% 33
\BOOKMARK [3][-]{subsubsection.2.1.2}{\376\377\000I\000-\0002\000:\164\003\227\142\154\342\136\162\155\211\126\376\120\317\225\356\230\230}{subsection.2.1}% 34
\BOOKMARK [3][-]{subsubsection.2.1.3}{\376\377\000I\000-\0003\000:\164\003\227\142\154\342\227\136\136\162\155\211\126\376\120\317\225\356\230\230}{subsection.2.1}% 35
\BOOKMARK [3][-]{subsubsection.2.1.4}{\376\377\000I\000-\0004\000:\142\230\134\004\163\207\121\340\117\125\154\102\211\343}{subsection.2.1}% 36
\BOOKMARK [3][-]{subsubsection.2.1.5}{\376\377\000I\000I\000-\0001\000:\136\163\227\142\154\342\136\162\155\211\126\376\120\317\225\356\230\230}{subsection.2.1}% 37
\BOOKMARK [3][-]{subsubsection.2.1.6}{\376\377\000I\000I\000-\0002\000:\145\234\227\142\137\071\174\047\176\304\124\010\117\123\173\200\214\020\143\057\133\120}{subsection.2.1}% 38
\BOOKMARK [3][-]{subsubsection.2.1.7}{\376\377\000I\000V\000-\0001\000:\136\162\155\211\213\241\173\227}{subsection.2.1}% 39
\BOOKMARK [2][-]{subsection.2.2}{\376\377\123\237\133\120\150\070\162\151\164\006}{section.2}% 40
\BOOKMARK [3][-]{subsubsection.2.2.1}{\376\377\000I\000-\0001\000:\000\040\116\015\124\014\123\237\133\120\150\070\166\204\136\163\127\107\120\074\215\050\221\317\124\214}{subsection.2.2}% 41
\BOOKMARK [3][-]{subsubsection.2.2.2}{\376\377\000I\000I\000-\0001\000:\000\040\153\324\176\323\124\010\200\375\131\047\134\017\116\016\200\375\221\317\124\070\145\066\221\312\145\076}{subsection.2.2}% 42
\BOOKMARK [2][-]{subsection.2.3}{\376\377\160\355\133\146}{section.2}% 43
\BOOKMARK [3][-]{subsubsection.2.3.1}{\376\377\000I\000-\0001\000:\000\040\116\011\173\241\217\336\220\032\126\150}{subsection.2.3}% 44
\BOOKMARK [3][-]{subsubsection.2.3.2}{\376\377\000I\000-\0002\000:\000\040\155\262\154\341\116\012\155\156\225\356\230\230}{subsection.2.3}% 45
\BOOKMARK [3][-]{subsubsection.2.3.3}{\376\377\000I\000-\0003\000:\000\040\126\376\120\317\213\241\173\227}{subsection.2.3}% 46
\BOOKMARK [3][-]{subsubsection.2.3.4}{\376\377\000I\000-\0004\000:\000\040\155\262\147\361\122\250\122\233\133\146\225\356\230\230}{subsection.2.3}% 47
\BOOKMARK [3][-]{subsubsection.2.3.5}{\376\377\000I\000-\0005\000:\000\040\173\111\117\123\116\044\154\024\143\044\123\213\225\356\230\230}{subsection.2.3}% 48
\BOOKMARK [3][-]{subsubsection.2.3.6}{\376\377\000I\000-\0005\000:\000\040\145\234\213\325\173\241\173\111\117\123\123\330\123\026\155\262\227\142\171\373\122\250\116\016\172\063\140\001\122\006\147\220}{subsection.2.3}% 49
\BOOKMARK [3][-]{subsubsection.2.3.7}{\376\377\000I\000-\0006\000:\000\040\173\111\123\213\155\262\227\142\171\373\122\250\225\356\230\230}{subsection.2.3}% 50
\BOOKMARK [3][-]{subsubsection.2.3.8}{\376\377\000I\000-\0007\000:\000\040\213\325\173\241\171\373\122\250\225\356\230\230}{subsection.2.3}% 51
\BOOKMARK [3][-]{subsubsection.2.3.9}{\376\377\000I\000-\0008\000:\000\040\155\262\227\142\171\373\122\250\176\374\124\010\122\006\147\220\000\040}{subsection.2.3}% 52
\BOOKMARK [3][-]{subsubsection.2.3.10}{\376\377\000I\000-\0009\000:\000\040\121\105\154\024\225\356\230\230}{subsection.2.3}% 53
\BOOKMARK [3][-]{subsubsection.2.3.11}{\376\377\000I\000-\0001\0000\000:\000\040\162\151\164\006\163\260\214\141\116\055\166\204\160\355\122\233\133\146\133\232\137\213\225\356\230\230}{subsection.2.3}% 54
\BOOKMARK [3][-]{subsubsection.2.3.12}{\376\377\000I\000-\0001\0001\000:\000\040\160\355\122\233\133\146\133\232\137\213\166\204\126\376\120\317\225\356\230\230\0001}{subsection.2.3}% 55
\BOOKMARK [3][-]{subsubsection.2.3.13}{\376\377\000I\000-\0001\0002\000:\000\040\160\355\122\233\133\146\133\232\137\213\166\204\126\376\120\317\225\356\230\230\0002}{subsection.2.3}% 56
\BOOKMARK [3][-]{subsubsection.2.3.14}{\376\377\000I\000-\0001\0003\000:\000\040\160\355\122\233\133\146\133\232\137\213\166\204\126\376\120\317\225\356\230\230\0003}{subsection.2.3}% 57
\BOOKMARK [3][-]{subsubsection.2.3.15}{\376\377\000I\000-\0001\0004\000:\000\040\160\355\122\233\133\146\133\232\137\213\166\204\126\376\120\317\225\356\230\230\0004}{subsection.2.3}% 58
\BOOKMARK [3][-]{subsubsection.2.3.16}{\376\377\000I\000-\0001\0005\000:\000\040\160\355\122\233\133\146\133\232\137\213\166\204\126\376\120\317\225\356\230\230\0005}{subsection.2.3}% 59
\BOOKMARK [3][-]{subsubsection.2.3.17}{\376\377\000I\000-\0001\0006\000:\000\040\160\355\122\233\133\146\133\232\137\213\166\204\126\376\120\317\225\356\230\230\0006}{subsection.2.3}% 60
\BOOKMARK [3][-]{subsubsection.2.3.18}{\376\377\000I\000V\000-\0001\000:\000\040\145\076\154\024\225\356\230\230}{subsection.2.3}% 61
\BOOKMARK [3][-]{subsubsection.2.3.19}{\376\377\000I\000V\000-\0001\000:\000\040\123\125\213\325\173\241\122\240\155\262\225\356\230\230}{subsection.2.3}% 62
\BOOKMARK [3][-]{subsubsection.2.3.20}{\376\377\000I\000V\000-\0002\000:\000\040\123\125\213\325\173\241\155\262\147\361\122\240\220\037\225\356\230\230}{subsection.2.3}% 63
\BOOKMARK [3][-]{subsubsection.2.3.21}{\376\377\000I\000V\000-\0003\000:\000\040\123\125\213\325\173\241\131\032\217\307\172\013\225\356\230\230}{subsection.2.3}% 64
\BOOKMARK [3][-]{subsubsection.2.3.22}{\376\377\000I\000V\000-\0004\000:\000\040\123\125\213\325\173\241\131\032\217\307\172\013\225\356\230\230\0002}{subsection.2.3}% 65
\BOOKMARK [3][-]{subsubsection.2.3.23}{\376\377\000I\000V\000-\0005\000:\000\040\154\024\177\070\131\032\217\307\172\013\225\356\230\230}{subsection.2.3}% 66
\BOOKMARK [3][-]{subsubsection.2.3.24}{\376\377\000I\000V\000-\0006\000:\000\040\000L\127\213\213\325\173\241\122\006\174\173\213\250\213\272\225\356\230\230}{subsection.2.3}% 67
\BOOKMARK [3][-]{subsubsection.2.3.25}{\376\377\000I\000V\000-\0007\000:\000\040\000L\127\213\213\325\173\241\122\006\174\173\213\250\213\272\225\356\230\230\0002}{subsection.2.3}% 68
\BOOKMARK [3][-]{subsubsection.2.3.26}{\376\377\000I\000V\000-\0008\000:\000\040\143\044\123\213\155\262\117\123\116\064\165\114\140\305\121\265\122\006\147\220}{subsection.2.3}% 69
\BOOKMARK [3][-]{subsubsection.2.3.27}{\376\377\000I\000V\000-\0009\000:\000\040\123\314\154\024\177\070\136\163\210\141\225\356\230\230}{subsection.2.3}% 70
\BOOKMARK [3][-]{subsubsection.2.3.28}{\376\377\000I\000V\000-\0001\0000\000:\000\040\123\314\154\024\177\070\136\163\210\141\225\356\230\230\0002}{subsection.2.3}% 71
\BOOKMARK [3][-]{subsubsection.2.3.29}{\376\377\000I\000V\000-\0001\0001\000:\000\040\123\314\155\073\130\136\136\163\210\141\225\356\230\230}{subsection.2.3}% 72
\BOOKMARK [3][-]{subsubsection.2.3.30}{\376\377\000I\000V\000-\0001\0002\000:\000\040\123\314\155\073\130\136\157\017\154\024\225\356\230\230}{subsection.2.3}% 73
\BOOKMARK [3][-]{subsubsection.2.3.31}{\376\377\000I\000V\000-\0001\0003\000:\000\040\000U\127\213\173\241\225\356\230\230}{subsection.2.3}% 74
\BOOKMARK [3][-]{subsubsection.2.3.32}{\376\377\000I\000V\000-\0001\0004\000:\000\040\000U\127\213\173\241\171\373\122\250\225\356\230\230}{subsection.2.3}% 75
\BOOKMARK [3][-]{subsubsection.2.3.33}{\376\377\000I\000V\000-\0001\0005\000:\000\040\116\015\124\014\174\227\176\306\000U\127\213\173\241\166\204\155\073\130\136\171\373\122\250\225\356\230\230}{subsection.2.3}% 76
\BOOKMARK [3][-]{subsubsection.2.3.34}{\376\377\000I\000V\000-\0001\0006\000:\000\040\116\015\124\014\174\227\176\306\000U\127\213\173\241\166\204\155\073\130\136\171\373\122\250\225\356\230\230\0002}{subsection.2.3}% 77
\BOOKMARK [3][-]{subsubsection.2.3.35}{\376\377\000I\000V\000-\0001\0007\000:\000\040\116\015\124\014\142\052\227\142\171\357\123\314\154\024\177\070\155\073\130\136\225\356\230\230}{subsection.2.3}% 78
\BOOKMARK [3][-]{subsubsection.2.3.36}{\376\377\000I\000V\000-\0001\0008\000:\000\040\116\015\124\014\142\052\227\142\171\357\123\125\154\024\177\070\155\073\130\136\225\356\230\230}{subsection.2.3}% 79
\BOOKMARK [3][-]{subsubsection.2.3.37}{\376\377\000I\000V\000-\0001\0009\000:\000\040\116\015\124\014\142\052\227\142\171\357\123\125\154\024\177\070\155\073\130\136\225\356\230\230\0002}{subsection.2.3}% 80
\BOOKMARK [3][-]{subsubsection.2.3.38}{\376\377\000I\000V\000-\0002\0000\000:\000\040\160\355\122\233\133\146\173\054\116\011\133\232\137\213\120\132\122\237\213\241\173\227}{subsection.2.3}% 81
\BOOKMARK [1][-]{section.3}{\376\377\232\330\116\011}{}% 82
\BOOKMARK [2][-]{subsection.3.1}{\376\377\0002\0000\0002\0003\134\112\135\364\207\000\116\055\133\146\232\330\200\003\220\002\136\224\140\047\147\010\200\003\000\050\123\101\000\051}{section.3}% 83
\BOOKMARK [3][-]{subsubsection.3.1.1}{\376\377\000I\000-\0006\000:\124\014\153\145\123\153\146\037}{subsection.3.1}% 84
\BOOKMARK [3][-]{subsubsection.3.1.2}{\376\377\000I\000I\000-\0001\000:\173\200\214\020\154\342\166\204\126\376\120\317\225\356\230\230}{subsection.3.1}% 85
\BOOKMARK [3][-]{subsubsection.3.1.3}{\376\377\000I\000I\000-\0003\000:\122\250\165\037\165\065\122\250\122\277\166\204\136\163\127\107\120\074\225\356\230\230}{subsection.3.1}% 86
\BOOKMARK [3][-]{subsubsection.3.1.4}{\376\377\000I\000V\000-\0001\000:\127\107\123\000\156\364\204\075\166\204\154\231\157\017\225\356\230\230}{subsection.3.1}% 87
\BOOKMARK [3][-]{subsubsection.3.1.5}{\376\377\000I\000V\000-\0002\000:\142\230\134\004\163\207\121\340\117\125\131\047\230\230}{subsection.3.1}% 88
\BOOKMARK [3][-]{subsubsection.3.1.6}{\376\377\000I\000V\000-\0003\000:\170\301\200\132\161\046\000+\123\072\127\337\227\142\171\357\225\356\230\230}{subsection.3.1}% 89
\BOOKMARK [2][-]{subsection.3.2}{\376\377\0002\0000\0002\0004\121\153\116\055\232\330\200\003\220\002\136\224\140\047\147\010\200\003\000\050\121\155\000\051}{section.3}% 90
\BOOKMARK [3][-]{subsubsection.3.2.1}{\376\377\000I\000-\0001\000:\116\007\147\011\137\025\122\233\202\052\131\051}{subsection.3.2}% 91
\BOOKMARK [3][-]{subsubsection.3.2.2}{\376\377\000I\000-\0002\000:\165\065\122\277\213\241\173\227}{subsection.3.2}% 92
\BOOKMARK [3][-]{subsubsection.3.2.3}{\376\377\000I\000I\000-\0001\000:\176\257\165\065\226\073\122\250\165\037\165\065\122\250\122\277\147\106\152\041\127\213}{subsection.3.2}% 93
\BOOKMARK [3][-]{subsubsection.3.2.4}{\376\377\000I\000V\000-\0001\000:\123\330\215\050\221\317\131\032\153\041\170\260\144\236\116\016\145\160\122\027}{subsection.3.2}% 94
\BOOKMARK [2][-]{subsection.3.3}{\376\377\0002\0000\0002\0004\121\153\116\055\232\330\200\003\220\002\136\224\140\047\147\010\200\003\000\050\116\003\000\051}{section.3}% 95
\BOOKMARK [3][-]{subsubsection.3.3.1}{\376\377\000I\000-\0001\000:\227\015\134\024\121\103\116\366}{subsection.3.3}% 96
\BOOKMARK [3][-]{subsubsection.3.3.2}{\376\377\000I\000I\000-\0001\000:\137\071\174\047\116\016\147\106\163\257\152\041\127\213}{subsection.3.3}% 97
\BOOKMARK [3][-]{subsubsection.3.3.3}{\376\377\000I\000I\000I\000-\0002\000:\165\065\133\271\155\113\221\317\133\236\232\214}{subsection.3.3}% 98
\BOOKMARK [2][-]{subsection.3.4}{\376\377\0002\0000\0002\0004\135\364\207\000\232\330\200\003\220\002\136\224\140\047\147\010\200\003\000\050\121\153\000\051}{section.3}% 99
\BOOKMARK [3][-]{subsubsection.3.4.1}{\376\377\000I\000-\0001\000:\144\151\144\346\122\233\124\214\143\245\211\346\227\142\166\204\131\047\134\017\121\163\174\373}{subsection.3.4}% 100
\BOOKMARK [3][-]{subsubsection.3.4.2}{\376\377\000I\000I\000-\0001\000:\165\065\133\271\126\150\116\055\136\046\165\065\174\222\133\120\166\204\120\117\217\154\225\356\230\230}{subsection.3.4}% 101
\BOOKMARK [3][-]{subsubsection.3.4.3}{\376\377\000I\000I\000-\0002\000:\123\000\220\037\217\320\122\250\166\204\170\301\127\072\122\007\122\162\225\356\230\230}{subsection.3.4}% 102
\BOOKMARK [3][-]{subsubsection.3.4.4}{\376\377\000I\000V\000-\0001\000:\227\136\162\171\137\201\140\047\122\250\221\317\133\210\140\122\116\016\124\150\147\037\140\047\217\320\122\250}{subsection.3.4}% 103
\BOOKMARK [2][-]{subsection.3.5}{\376\377\0002\0000\0002\0004\121\153\116\055\232\330\200\003\220\002\136\224\140\047\147\010\200\003\000\050\116\224\000\051}{section.3}% 104
\BOOKMARK [3][-]{subsubsection.3.5.1}{\376\377\000I\000-\0001\000:\000\040\215\050\133\120\145\160\000-\116\055\133\120\145\160\121\103\175\040\210\160\123\330\126\376}{subsection.3.5}% 105
\BOOKMARK [3][-]{subsubsection.3.5.2}{\376\377\000I\000-\0002\000:\000\040\226\220\124\053\121\150\123\315\134\004\200\003\133\337}{subsection.3.5}% 106
\BOOKMARK [3][-]{subsubsection.3.5.3}{\376\377\000I\000I\000-\0001\000:\000\040\123\314\176\246\147\137\170\301\127\072\124\150\147\037\225\356\230\230}{subsection.3.5}% 107
\BOOKMARK [3][-]{subsubsection.3.5.4}{\376\377\000I\000I\000I\000-\0001\000:\000\040\160\355\122\233\133\146\157\017\154\024\133\236\232\214\230\230}{subsection.3.5}% 108
\BOOKMARK [2][-]{subsection.3.6}{\376\377\000y\000h\116\224\147\010\131\047\123\072\200\003}{section.3}% 109
\BOOKMARK [3][-]{subsubsection.3.6.1}{\376\377\000I\000V\000-\0001\000:\221\315\123\340\117\123\166\204\227\131\144\151\144\346\122\233\122\044\145\255}{subsection.3.6}% 110
\BOOKMARK [2][-]{subsection.3.7}{\376\377\0002\0004\123\127\137\000\232\330\116\011\162\151\164\006\215\050\221\317\150\300\155\113\000\050\116\135\000\051}{section.3}% 111
\BOOKMARK [3][-]{subsubsection.3.7.1}{\376\377\000I\000I\000-\0001\000:\123\330\153\324\174\373\145\160\123\330\123\026\166\204\122\250\140\001\122\006\147\220}{subsection.3.7}% 112
\BOOKMARK [2][-]{subsection.3.8}{\376\377\0002\0000\0002\0004\121\153\116\055\232\330\200\003\220\002\136\224\140\047\147\010\200\003\000\050\116\011\000\051}{section.3}% 113
\BOOKMARK [3][-]{subsubsection.3.8.1}{\376\377\000I\000I\000-\0001\000:\220\037\136\246\123\315\124\021\122\044\145\255}{subsection.3.8}% 114
\BOOKMARK [3][-]{subsubsection.3.8.2}{\376\377\000I\000V\000-\0001\000:\221\321\134\136\164\003\170\260\144\236\166\204\165\065\203\167\133\210\140\122}{subsection.3.8}% 115
\BOOKMARK [2][-]{subsection.3.9}{\376\377\0002\0000\0002\0004\121\153\116\055\232\330\200\003\220\002\136\224\140\047\147\010\200\003\000\050\116\214\000\051}{section.3}% 116
\BOOKMARK [3][-]{subsubsection.3.9.1}{\376\377\000I\000I\000I\000-\000I\000:\122\250\221\317\133\210\140\122\133\236\232\214\154\064\136\163\144\151\144\346\122\233}{subsection.3.9}% 117
\BOOKMARK [2][-]{subsection.3.10}{\376\377\0002\0000\0002\0004\135\364\207\000\232\330\200\003\152\041\142\337\000\050\123\101\000\051}{section.3}% 118
\BOOKMARK [3][-]{subsubsection.3.10.1}{\376\377\000I\000-\0001\000:\131\051\117\123\217\320\122\250\211\302\133\337\211\322\225\356\230\230}{subsection.3.10}% 119
\BOOKMARK [3][-]{subsubsection.3.10.2}{\376\377\000I\000V\000-\0001\000:\165\065\133\271\165\065\226\073\122\250\165\037\165\065\122\250\122\277\225\356\230\230}{subsection.3.10}% 120
\BOOKMARK [3][-]{subsubsection.3.10.3}{\376\377\000I\000V\000-\0002\000:\122\250\221\317\133\210\140\122\116\016\137\071\174\047\122\277\200\375}{subsection.3.10}% 121
\BOOKMARK [2][-]{subsection.3.11}{\376\377\116\003\150\041\116\011\213\312\000\050\145\045\154\137\116\055\133\146\000\051}{section.3}% 122
\BOOKMARK [3][-]{subsubsection.3.11.1}{\376\377\000I\000-\0001\000:\000\040\147\072\150\260\154\342\166\204\147\320\215\050\160\271\143\057\122\250\145\271\172\013\225\356\230\230}{subsection.3.11}% 123
\BOOKMARK [3][-]{subsubsection.3.11.2}{\376\377\000I\000-\0002\000:\000\040\123\314\164\003\147\106\217\336\143\245\166\204\217\320\122\250\217\307\172\013\122\006\147\220}{subsection.3.11}% 124
\BOOKMARK [3][-]{subsubsection.3.11.3}{\376\377\000I\000I\000-\0001\000:\000\040\123\330\123\213\126\150\166\204\122\250\140\001\122\006\147\220}{subsection.3.11}% 125
\BOOKMARK [3][-]{subsubsection.3.11.4}{\376\377\000I\000I\000-\0002\000:\000\040\133\130\127\050\131\026\122\233\165\065\133\271\137\017\122\250\165\037\165\065\122\250\122\277}{subsection.3.11}% 126
\BOOKMARK [3][-]{subsubsection.3.11.5}{\376\377\000I\000V\000-\0001\000:\000\040\160\355\122\233\133\146\166\204\121\306\227\131\140\001\120\132\122\237\213\241\173\227}{subsection.3.11}% 127
\BOOKMARK [3][-]{subsubsection.3.11.6}{\376\377\000I\000V\000-\0002\000:\000\040\155\033\117\046\121\171\122\233\122\006\221\317\122\250\221\317\133\232\164\006}{subsection.3.11}% 128
\BOOKMARK [2][-]{subsection.3.12}{\376\377\000y\000h\121\155\147\010\131\047\123\072\200\003}{section.3}% 129
\BOOKMARK [3][-]{subsubsection.3.12.1}{\376\377\000I\000-\0001\000:\000\040\123\000\123\330\220\037\217\320\122\250\133\146\000\050\000x\000-\000t\000\051}{subsection.3.12}% 130
\BOOKMARK [3][-]{subsubsection.3.12.2}{\376\377\000I\000-\0002\000:\000\040\123\000\123\330\220\037\217\320\122\250\133\146\126\376\120\317\176\323\124\010\116\007\147\011\137\025\122\233}{subsection.3.12}% 131
\BOOKMARK [3][-]{subsubsection.3.12.3}{\376\377\000I\000-\0003\000:\000\040\137\071\174\047\217\307\172\013\116\055\166\204\126\376\120\317\225\356\230\230}{subsection.3.12}% 132
\BOOKMARK [3][-]{subsubsection.3.12.4}{\376\377\000I\000I\000-\0001\000:\000\040\122\277\200\375\126\376\120\317\166\204\217\320\122\250\133\146\225\356\230\230}{subsection.3.12}% 133
\BOOKMARK [3][-]{subsubsection.3.12.5}{\376\377\000I\000V\000-\0001\000:\000\040\147\072\150\260\154\342\116\044\215\050\160\271\166\204\217\320\122\250\145\271\124\021\225\356\230\230}{subsection.3.12}% 134
\BOOKMARK [3][-]{subsubsection.3.12.6}{\376\377\000I\000V\000-\0002\000:\000\040\170\260\144\236\123\315\124\021\220\032\217\307\117\040\220\001\136\046\123\330\124\021}{subsection.3.12}% 135
\BOOKMARK [2][-]{subsection.3.13}{\376\377\000y\000h\116\003\147\010\131\047\123\072\200\003\000\050\0002\0000\0002\0003\123\127\137\000\232\330\116\011\0007\000\051}{section.3}% 136
\BOOKMARK [3][-]{subsubsection.3.13.1}{\376\377\000I\000-\0001\000:\000\040\165\065\133\271\127\050\143\245\121\145\165\065\215\357\116\055\162\266\140\001\122\006\147\220}{subsection.3.13}% 137
\BOOKMARK [3][-]{subsubsection.3.13.2}{\376\377\000I\000-\0002\000:\000\040\162\133\230\177\163\257\000,\120\117\143\057\225\134\131\064\116\016\130\236\220\017\130\236\123\315\201\234}{subsection.3.13}% 138
\BOOKMARK [3][-]{subsubsection.3.13.3}{\376\377\000I\000I\000-\0002\000:\000\040\173\200\214\020\143\057\122\250\123\314\126\376\166\204\215\357\172\013\213\241\173\227}{subsection.3.13}% 139
\BOOKMARK [3][-]{subsubsection.3.13.4}{\376\377\000I\000I\000I\000-\0001\000:\000\040\122\233\166\204\124\010\142\020\133\236\232\214}{subsection.3.13}% 140
\BOOKMARK [3][-]{subsubsection.3.13.5}{\376\377\000I\000V\000-\0001\000:\000\040\123\330\215\050\221\317\131\032\153\041\170\260\144\236}{subsection.3.13}% 141
