This is XeTeX, Version 3.141592653-2.6-0.999995 (TeX Live 2023) (preloaded format=xelatex 2023.9.4)  30 JUN 2025 18:00
entering extended mode
 \write18 enabled.
 file:line:error style messages enabled.
 %&-line parsing enabled.
**"d:/Github/HS-Physics/Teacher/The set of problems/SOP"
(d:/Github/HS-Physics/Teacher/The set of problems/SOP.tex
LaTeX2e <2022-11-01> patch level 1
L3 programming layer <2023-02-22> (f:/texlive/2023/texmf-dist/tex/latex/base/article.cls
Document Class: article 2022/07/02 v1.4n Standard LaTeX document class
(f:/texlive/2023/texmf-dist/tex/latex/base/size10.clo
File: size10.clo 2022/07/02 v1.4n Standard LaTeX file (size option)
)
\c@part=\count181
\c@section=\count182
\c@subsection=\count183
\c@subsubsection=\count184
\c@paragraph=\count185
\c@subparagraph=\count186
\c@figure=\count187
\c@table=\count188
\abovecaptionskip=\skip48
\belowcaptionskip=\skip49
\bibindent=\dimen140
)

! LaTeX Error: File `../../../LaTex/preamble/preaxmble_article.tex' not found.

Type X to quit or <RETURN> to proceed,
or enter new name. (Default extension: tex)

Enter file name: 
d:/Github/HS-Physics/Teacher/The set of problems/SOP.tex:2: Emergency stop.
<read *> 
         
l.2 ...../../LaTex/preamble/preaxmble_article.tex}
                                                  ^^M
*** (cannot \read from terminal in nonstop modes)

 
Here is how much of TeX's memory you used:
 234 strings out of 476683
 3125 string characters out of 5807576
 1842012 words of memory out of 5000000
 20569 multiletter control sequences out of 15000+600000
 512295 words of font info for 33 fonts, out of 8000000 for 9000
 1348 hyphenation exceptions out of 8191
 33i,0n,38p,222b,40s stack positions out of 10000i,1000n,20000p,200000b,200000s
No pages of output.
